[2026-03-26T06:45:50.842Z] OPTIONS /api/time-tracking/timer/active
[2026-03-26T06:45:50.845Z] GET /api/time-tracking/timer/active
[2026-03-26T06:46:20.846Z] OPTIONS /api/time-tracking/timer/active
[2026-03-26T06:46:20.852Z] GET /api/time-tracking/timer/active
[2026-03-26T06:46:32.829Z] OPTIONS /api/time-tracking/timer/active
[2026-03-26T06:46:32.833Z] GET /api/time-tracking/timer/active
[2026-03-26T06:46:50.828Z] OPTIONS /api/time-tracking/timer/active
[2026-03-26T06:46:50.830Z] GET /api/time-tracking/timer/active
[2026-03-26T06:47:20.836Z] OPTIONS /api/time-tracking/timer/active
[2026-03-26T06:47:20.838Z] GET /api/time-tracking/timer/active
[2026-03-26T06:47:32.838Z] OPTIONS /api/time-tracking/timer/active
[2026-03-26T06:47:32.840Z] GET /api/time-tracking/timer/active
[2026-03-26T06:47:50.830Z] OPTIONS /api/time-tracking/timer/active
[2026-03-26T06:47:50.832Z] GET /api/time-tracking/timer/active
[2026-03-26T06:48:32.842Z] OPTIONS /api/time-tracking/timer/active
[2026-03-26T06:48:32.844Z] OPTIONS /api/time-tracking/timer/active
[2026-03-26T06:48:32.845Z] GET /api/time-tracking/timer/active
[2026-03-26T06:48:32.846Z] GET /api/time-tracking/timer/active
[2026-03-26T06:49:32.830Z] OPTIONS /api/time-tracking/timer/active
[2026-03-26T06:49:32.833Z] OPTIONS /api/time-tracking/timer/active
[2026-03-26T06:49:32.834Z] GET /api/time-tracking/timer/active
[2026-03-26T06:49:32.837Z] GET /api/time-tracking/timer/active
[2026-03-26T06:50:32.830Z] OPTIONS /api/time-tracking/timer/active
[2026-03-26T06:50:32.832Z] OPTIONS /api/time-tracking/timer/active
[2026-03-26T06:50:32.833Z] GET /api/time-tracking/timer/active
[2026-03-26T06:50:32.834Z] GET /api/time-tracking/timer/active
[2026-03-26T06:51:19.458Z] OPTIONS /api/time-tracking/timer/active
[2026-03-26T06:51:19.460Z] GET /api/time-tracking/timer/active
[2026-03-26T06:51:20.497Z] OPTIONS /api/time-tracking/timer/active
[2026-03-26T06:51:20.507Z] GET /api/time-tracking/timer/active
[2026-03-26T06:51:22.838Z] GET /api/time-tracking/timer/active
[2026-03-26T06:51:50.844Z] OPTIONS /api/time-tracking/timer/active
[2026-03-26T06:51:50.845Z] GET /api/time-tracking/timer/active
[2026-03-26T06:51:52.839Z] OPTIONS /api/time-tracking/timer/active
[2026-03-26T06:51:52.842Z] GET /api/time-tracking/timer/active
[2026-03-26T06:52:32.836Z] OPTIONS /api/time-tracking/timer/active
[2026-03-26T06:52:32.838Z] OPTIONS /api/time-tracking/timer/active
[2026-03-26T06:52:32.840Z] GET /api/time-tracking/timer/active
[2026-03-26T06:52:32.841Z] GET /api/time-tracking/timer/active
[2026-03-26T06:52:57.963Z] OPTIONS /api/time-tracking/timer/active
[2026-03-26T06:52:57.966Z] GET /api/time-tracking/timer/active
[2026-03-26T06:53:20.839Z] OPTIONS /api/time-tracking/timer/active
[2026-03-26T06:53:20.842Z] GET /api/time-tracking/timer/active
[2026-03-26T06:53:32.841Z] OPTIONS /api/time-tracking/timer/active
[2026-03-26T06:53:32.844Z] GET /api/time-tracking/timer/active
[2026-03-26T06:53:50.838Z] OPTIONS /api/time-tracking/timer/active
[2026-03-26T06:53:50.840Z] GET /api/time-tracking/timer/active
[2026-03-26T07:02:56.525Z] OPTIONS /api/login/user
[2026-03-26T07:02:56.528Z] POST /api/login/user
[2026-03-26T07:02:56.771Z] OPTIONS /api/my/appraisal/active
[2026-03-26T07:02:56.773Z] GET /api/my/appraisal/active
[2026-03-26T07:02:56.777Z] OPTIONS /api/leaves/stats/pending-counts
[2026-03-26T07:02:56.778Z] OPTIONS /api/preferences/admin/sidebar_folders_v1
[2026-03-26T07:02:56.779Z] OPTIONS /api/time-tracking/timer/active
[2026-03-26T07:02:56.780Z] OPTIONS /api/dashboard/birthdays
[2026-03-26T07:02:56.781Z] OPTIONS /api/dashboard/config
[2026-03-26T07:02:56.783Z] OPTIONS /api/leaves/stats/pending-counts
[2026-03-26T07:02:56.784Z] OPTIONS /api/preferences/admin/sidebar_folders_v1
[2026-03-26T07:02:56.785Z] OPTIONS /api/time-tracking/timer/active
[2026-03-26T07:02:56.786Z] OPTIONS /api/dashboard/birthdays
[2026-03-26T07:02:56.787Z] OPTIONS /api/dashboard/config
[2026-03-26T07:02:56.790Z] GET /api/leaves/stats/pending-counts
[2026-03-26T07:02:56.794Z] GET /api/preferences/admin/sidebar_folders_v1
[2026-03-26T07:02:56.796Z] GET /api/time-tracking/timer/active
[2026-03-26T07:02:56.799Z] GET /api/dashboard/birthdays
[2026-03-26T07:02:56.801Z] GET /api/dashboard/config
[2026-03-26T07:02:56.831Z] GET /api/preferences/admin/sidebar_folders_v1
[2026-03-26T07:02:56.848Z] GET /api/my/appraisal/active
[2026-03-26T07:02:56.853Z] GET /api/leaves/stats/pending-counts
[2026-03-26T07:02:56.856Z] GET /api/time-tracking/timer/active
[2026-03-26T07:02:56.857Z] GET /api/dashboard/birthdays
[2026-03-26T07:02:56.861Z] GET /api/dashboard/config
[2026-03-26T07:03:12.888Z] OPTIONS /api/my/appraisal/active
[2026-03-26T07:03:12.893Z] OPTIONS /api/leaves/stats/pending-counts
[2026-03-26T07:03:12.894Z] OPTIONS /api/preferences/admin/sidebar_folders_v1
[2026-03-26T07:03:12.895Z] OPTIONS /api/time-tracking/timer/active
[2026-03-26T07:03:12.896Z] GET /api/my/appraisal/active
[2026-03-26T07:03:12.897Z] OPTIONS /api/dashboard/birthdays
[2026-03-26T07:03:12.898Z] GET /api/leaves/stats/pending-counts
[2026-03-26T07:03:12.900Z] GET /api/preferences/admin/sidebar_folders_v1
[2026-03-26T07:03:12.901Z] GET /api/time-tracking/timer/active
[2026-03-26T07:03:12.903Z] GET /api/dashboard/birthdays
[2026-03-26T07:03:12.905Z] OPTIONS /api/dashboard/config
[2026-03-26T07:03:12.908Z] OPTIONS /api/dashboard/config
[2026-03-26T07:03:12.911Z] GET /api/dashboard/config
[2026-03-26T07:03:12.915Z] GET /api/time-tracking/timer/active
[2026-03-26T07:03:12.917Z] GET /api/leaves/stats/pending-counts
[2026-03-26T07:03:12.918Z] GET /api/preferences/admin/sidebar_folders_v1
[2026-03-26T07:03:12.919Z] GET /api/dashboard/birthdays
[2026-03-26T07:03:12.924Z] GET /api/my/appraisal/active
[2026-03-26T07:03:12.930Z] GET /api/dashboard/config
[2026-03-26T07:03:13.178Z] OPTIONS /api/dashboard
[2026-03-26T07:03:13.180Z] OPTIONS /api/dashboard/renewals?filterType=today
[2026-03-26T07:03:13.181Z] GET /api/dashboard
[2026-03-26T07:03:13.182Z] OPTIONS /api/dashboard/revenue-trend
[2026-03-26T07:03:13.183Z] OPTIONS /api/dashboard/renewals?filterType=today
[2026-03-26T07:03:13.184Z] GET /api/dashboard/renewals?filterType=today
[2026-03-26T07:03:13.185Z] GET /api/dashboard/revenue-trend
[2026-03-26T07:03:13.210Z] GET /api/dashboard/renewals?filterType=today
[2026-03-26T07:03:13.215Z] GET /api/dashboard/revenue-trend
[2026-03-26T07:03:13.220Z] GET /api/dashboard
[2026-03-26T07:03:40.677Z] OPTIONS /api/my/appraisal/active
[2026-03-26T07:03:40.680Z] OPTIONS /api/leaves/stats/pending-counts
[2026-03-26T07:03:40.681Z] GET /api/my/appraisal/active
[2026-03-26T07:03:40.683Z] OPTIONS /api/preferences/admin/sidebar_folders_v1
[2026-03-26T07:03:40.685Z] OPTIONS /api/time-tracking/timer/active
[2026-03-26T07:03:40.686Z] OPTIONS /api/dashboard/birthdays
[2026-03-26T07:03:40.687Z] OPTIONS /api/dashboard/config
[2026-03-26T07:03:40.689Z] OPTIONS /api/my/appraisal/active
[2026-03-26T07:03:40.690Z] OPTIONS /api/leaves/stats/pending-counts
[2026-03-26T07:03:40.690Z] GET /api/leaves/stats/pending-counts
[2026-03-26T07:03:40.692Z] OPTIONS /api/preferences/admin/sidebar_folders_v1
[2026-03-26T07:03:40.694Z] OPTIONS /api/time-tracking/timer/active
[2026-03-26T07:03:40.696Z] OPTIONS /api/dashboard/birthdays
[2026-03-26T07:03:40.697Z] OPTIONS /api/dashboard/config
[2026-03-26T07:03:40.699Z] GET /api/preferences/admin/sidebar_folders_v1
[2026-03-26T07:03:40.701Z] GET /api/time-tracking/timer/active
[2026-03-26T07:03:40.713Z] GET /api/dashboard/birthdays
[2026-03-26T07:03:40.715Z] GET /api/dashboard/config
[2026-03-26T07:03:40.729Z] GET /api/my/appraisal/active
[2026-03-26T07:03:40.736Z] GET /api/leaves/stats/pending-counts
[2026-03-26T07:03:40.737Z] GET /api/preferences/admin/sidebar_folders_v1
[2026-03-26T07:03:40.739Z] GET /api/time-tracking/timer/active
[2026-03-26T07:03:40.742Z] GET /api/dashboard/birthdays
[2026-03-26T07:03:40.746Z] GET /api/dashboard/config
[2026-03-26T07:03:40.961Z] OPTIONS /api/dashboard
[2026-03-26T07:03:40.962Z] OPTIONS /api/dashboard/renewals?filterType=today
[2026-03-26T07:03:40.963Z] OPTIONS /api/dashboard/revenue-trend
[2026-03-26T07:03:40.964Z] OPTIONS /api/dashboard
[2026-03-26T07:03:40.965Z] OPTIONS /api/dashboard/renewals?filterType=today
[2026-03-26T07:03:40.966Z] GET /api/dashboard
[2026-03-26T07:03:40.968Z] OPTIONS /api/dashboard/revenue-trend
[2026-03-26T07:03:40.969Z] GET /api/dashboard/renewals?filterType=today
[2026-03-26T07:03:40.971Z] GET /api/dashboard/revenue-trend
[2026-03-26T07:03:40.972Z] GET /api/dashboard
[2026-03-26T07:03:40.973Z] GET /api/dashboard/renewals?filterType=today
[2026-03-26T07:03:40.975Z] GET /api/dashboard/revenue-trend
[2026-03-26T07:04:10.834Z] OPTIONS /api/time-tracking/timer/active
[2026-03-26T07:04:10.836Z] GET /api/time-tracking/timer/active
[2026-03-26T07:04:40.843Z] OPTIONS /api/time-tracking/timer/active
[2026-03-26T07:04:40.845Z] GET /api/time-tracking/timer/active
[2026-03-26T07:04:49.095Z] OPTIONS /api/preferences/admin/sidebar_folders_v1
[2026-03-26T07:04:49.096Z] OPTIONS /api/preferences/admin/sidebar_folders_v1
[2026-03-26T07:04:49.097Z] PUT /api/preferences/admin/sidebar_folders_v1
[2026-03-26T07:04:49.119Z] PUT /api/preferences/admin/sidebar_folders_v1
[2026-03-26T07:04:51.454Z] PUT /api/preferences/admin/sidebar_folders_v1
[2026-03-26T07:04:51.457Z] PUT /api/preferences/admin/sidebar_folders_v1
[2026-03-26T07:04:54.949Z] OPTIONS /api/my/appraisal/active
[2026-03-26T07:04:54.950Z] OPTIONS /api/leaves/stats/pending-counts
[2026-03-26T07:04:54.952Z] GET /api/my/appraisal/active
[2026-03-26T07:04:54.954Z] OPTIONS /api/preferences/admin/sidebar_folders_v2
[2026-03-26T07:04:54.955Z] GET /api/leaves/stats/pending-counts
[2026-03-26T07:04:54.958Z] GET /api/preferences/admin/sidebar_folders_v2
[2026-03-26T07:04:55.037Z] OPTIONS /api/preferences/admin/sidebar_order
[2026-03-26T07:04:55.040Z] GET /api/preferences/admin/sidebar_order
[2026-03-26T07:04:55.082Z] PUT /api/preferences/admin/sidebar_folders_v2
[2026-03-26T07:05:10.844Z] OPTIONS /api/time-tracking/timer/active
[2026-03-26T07:05:10.846Z] GET /api/time-tracking/timer/active
[2026-03-26T07:05:40.830Z] OPTIONS /api/time-tracking/timer/active
[2026-03-26T07:05:40.832Z] GET /api/time-tracking/timer/active
[2026-03-26T07:06:06.712Z] OPTIONS /api/my/appraisal/active
[2026-03-26T07:06:06.715Z] GET /api/my/appraisal/active
[2026-03-26T07:06:06.717Z] OPTIONS /api/leaves/stats/pending-counts
[2026-03-26T07:06:06.718Z] OPTIONS /api/preferences/admin/sidebar_folders_v2
[2026-03-26T07:06:06.719Z] OPTIONS /api/time-tracking/timer/active
[2026-03-26T07:06:06.720Z] OPTIONS /api/dashboard/birthdays
[2026-03-26T07:06:06.722Z] OPTIONS /api/dashboard/config
[2026-03-26T07:06:06.723Z] OPTIONS /api/my/appraisal/active
[2026-03-26T07:06:06.724Z] OPTIONS /api/leaves/stats/pending-counts
[2026-03-26T07:06:06.725Z] OPTIONS /api/preferences/admin/sidebar_folders_v2
[2026-03-26T07:06:06.726Z] OPTIONS /api/time-tracking/timer/active
[2026-03-26T07:06:06.727Z] OPTIONS /api/dashboard/birthdays
[2026-03-26T07:06:06.730Z] OPTIONS /api/dashboard/config
[2026-03-26T07:06:06.731Z] GET /api/leaves/stats/pending-counts
[2026-03-26T07:06:06.733Z] GET /api/preferences/admin/sidebar_folders_v2
[2026-03-26T07:06:06.735Z] GET /api/time-tracking/timer/active
[2026-03-26T07:06:06.736Z] GET /api/dashboard/birthdays
[2026-03-26T07:06:06.744Z] GET /api/dashboard/config
[2026-03-26T07:06:06.761Z] GET /api/my/appraisal/active
[2026-03-26T07:06:06.764Z] GET /api/leaves/stats/pending-counts
[2026-03-26T07:06:06.766Z] GET /api/preferences/admin/sidebar_folders_v2
[2026-03-26T07:06:06.768Z] GET /api/time-tracking/timer/active
[2026-03-26T07:06:06.770Z] GET /api/dashboard/birthdays
[2026-03-26T07:06:06.773Z] GET /api/dashboard/config
[2026-03-26T07:06:06.943Z] OPTIONS /api/dashboard
[2026-03-26T07:06:06.944Z] OPTIONS /api/dashboard/renewals?filterType=today
[2026-03-26T07:06:06.945Z] OPTIONS /api/dashboard/revenue-trend
[2026-03-26T07:06:06.945Z] GET /api/dashboard
[2026-03-26T07:06:06.947Z] OPTIONS /api/dashboard
[2026-03-26T07:06:06.948Z] GET /api/dashboard/renewals?filterType=today
[2026-03-26T07:06:06.949Z] OPTIONS /api/dashboard/renewals?filterType=today
[2026-03-26T07:06:06.950Z] OPTIONS /api/dashboard/revenue-trend
[2026-03-26T07:06:06.951Z] GET /api/dashboard/revenue-trend
[2026-03-26T07:06:06.953Z] GET /api/dashboard
[2026-03-26T07:06:06.956Z] GET /api/dashboard/renewals?filterType=today
[2026-03-26T07:06:06.957Z] GET /api/dashboard/revenue-trend
[2026-03-26T07:06:36.833Z] OPTIONS /api/time-tracking/timer/active
[2026-03-26T07:06:36.834Z] GET /api/time-tracking/timer/active
[2026-03-26T07:07:06.832Z] OPTIONS /api/time-tracking/timer/active
[2026-03-26T07:07:06.834Z] GET /api/time-tracking/timer/active
[2026-03-26T07:07:36.829Z] OPTIONS /api/time-tracking/timer/active
[2026-03-26T07:07:36.830Z] GET /api/time-tracking/timer/active
[2026-03-26T07:08:06.840Z] OPTIONS /api/time-tracking/timer/active
[2026-03-26T07:08:06.842Z] GET /api/time-tracking/timer/active
[2026-03-26T07:08:21.913Z] OPTIONS /api/my/appraisal/active
[2026-03-26T07:08:21.916Z] OPTIONS /api/leaves/stats/pending-counts
[2026-03-26T07:08:21.917Z] OPTIONS /api/preferences/admin/sidebar_folders_v2
[2026-03-26T07:08:21.918Z] GET /api/my/appraisal/active
[2026-03-26T07:08:21.919Z] GET /api/leaves/stats/pending-counts
[2026-03-26T07:08:21.920Z] GET /api/preferences/admin/sidebar_folders_v2
[2026-03-26T07:08:35.236Z] OPTIONS /api/my/appraisal/active
[2026-03-26T07:08:35.239Z] GET /api/my/appraisal/active
[2026-03-26T07:08:35.240Z] OPTIONS /api/leaves/stats/pending-counts
[2026-03-26T07:08:35.241Z] OPTIONS /api/preferences/admin/sidebar_folders_v2
[2026-03-26T07:08:35.241Z] OPTIONS /api/time-tracking/timer/active
[2026-03-26T07:08:35.243Z] OPTIONS /api/dashboard/birthdays
[2026-03-26T07:08:35.244Z] OPTIONS /api/my/appraisal/active
[2026-03-26T07:08:35.245Z] GET /api/leaves/stats/pending-counts
[2026-03-26T07:08:35.247Z] GET /api/preferences/admin/sidebar_folders_v2
[2026-03-26T07:08:35.248Z] OPTIONS /api/dashboard/config
[2026-03-26T07:08:35.249Z] OPTIONS /api/leaves/stats/pending-counts
[2026-03-26T07:08:35.252Z] OPTIONS /api/preferences/admin/sidebar_folders_v2
[2026-03-26T07:08:35.255Z] GET /api/time-tracking/timer/active
[2026-03-26T07:08:35.256Z] OPTIONS /api/time-tracking/timer/active
[2026-03-26T07:08:35.258Z] OPTIONS /api/dashboard/birthdays
[2026-03-26T07:08:35.261Z] OPTIONS /api/dashboard/config
[2026-03-26T07:08:35.263Z] GET /api/dashboard/birthdays
[2026-03-26T07:08:35.266Z] GET /api/my/appraisal/active
[2026-03-26T07:08:35.274Z] GET /api/dashboard/config
[2026-03-26T07:08:35.275Z] GET /api/leaves/stats/pending-counts
[2026-03-26T07:08:35.281Z] GET /api/preferences/admin/sidebar_folders_v2
[2026-03-26T07:08:35.285Z] GET /api/time-tracking/timer/active
[2026-03-26T07:08:35.288Z] GET /api/dashboard/birthdays
[2026-03-26T07:08:35.297Z] GET /api/dashboard/config
[2026-03-26T07:08:35.506Z] OPTIONS /api/dashboard
[2026-03-26T07:08:35.507Z] OPTIONS /api/dashboard/renewals?filterType=today
[2026-03-26T07:08:35.507Z] OPTIONS /api/dashboard/revenue-trend
[2026-03-26T07:08:35.508Z] GET /api/dashboard
[2026-03-26T07:08:35.510Z] OPTIONS /api/dashboard
[2026-03-26T07:08:35.511Z] GET /api/dashboard/renewals?filterType=today
[2026-03-26T07:08:35.512Z] GET /api/dashboard/revenue-trend
[2026-03-26T07:08:35.514Z] OPTIONS /api/dashboard/renewals?filterType=today
[2026-03-26T07:08:35.515Z] OPTIONS /api/dashboard/revenue-trend
[2026-03-26T07:08:35.516Z] GET /api/dashboard
[2026-03-26T07:08:35.519Z] GET /api/dashboard/renewals?filterType=today
[2026-03-26T07:08:35.520Z] GET /api/dashboard/revenue-trend
[2026-03-26T07:09:05.832Z] OPTIONS /api/time-tracking/timer/active
[2026-03-26T07:09:05.833Z] GET /api/time-tracking/timer/active
[2026-03-26T07:09:35.836Z] OPTIONS /api/time-tracking/timer/active
[2026-03-26T07:09:35.837Z] GET /api/time-tracking/timer/active
[2026-03-26T07:10:05.832Z] OPTIONS /api/time-tracking/timer/active
[2026-03-26T07:10:05.834Z] GET /api/time-tracking/timer/active
[2026-03-26T07:10:35.842Z] OPTIONS /api/time-tracking/timer/active
[2026-03-26T07:10:35.844Z] GET /api/time-tracking/timer/active
[2026-03-26T07:11:05.830Z] OPTIONS /api/time-tracking/timer/active
[2026-03-26T07:11:05.832Z] GET /api/time-tracking/timer/active
[2026-03-26T07:11:35.836Z] OPTIONS /api/time-tracking/timer/active
[2026-03-26T07:11:35.837Z] GET /api/time-tracking/timer/active
[2026-03-26T07:12:32.843Z] OPTIONS /api/time-tracking/timer/active
[2026-03-26T07:12:32.845Z] GET /api/time-tracking/timer/active
[2026-03-26T07:12:47.349Z] OPTIONS /api/time-tracking/timer/active
[2026-03-26T07:12:47.351Z] GET /api/time-tracking/timer/active
[2026-03-26T07:12:48.274Z] OPTIONS /api/my/appraisal/active
[2026-03-26T07:12:48.276Z] OPTIONS /api/leaves/stats/pending-counts
[2026-03-26T07:12:48.277Z] GET /api/my/appraisal/active
[2026-03-26T07:12:48.279Z] OPTIONS /api/preferences/admin/sidebar_folders_v2
[2026-03-26T07:12:48.280Z] GET /api/time-tracking/timer/active
[2026-03-26T07:12:48.283Z] GET /api/leaves/stats/pending-counts
[2026-03-26T07:12:48.284Z] OPTIONS /api/dashboard/birthdays
[2026-03-26T07:12:48.286Z] GET /api/preferences/admin/sidebar_folders_v2
[2026-03-26T07:12:48.291Z] OPTIONS /api/dashboard/config
[2026-03-26T07:12:48.292Z] OPTIONS /api/dashboard/birthdays
[2026-03-26T07:12:48.296Z] OPTIONS /api/dashboard/config
[2026-03-26T07:12:48.297Z] GET /api/dashboard/birthdays
[2026-03-26T07:12:48.301Z] GET /api/dashboard/config
[2026-03-26T07:12:48.308Z] GET /api/time-tracking/timer/active
[2026-03-26T07:12:48.310Z] GET /api/leaves/stats/pending-counts
[2026-03-26T07:12:48.313Z] GET /api/preferences/admin/sidebar_folders_v2
[2026-03-26T07:12:48.320Z] GET /api/dashboard/birthdays
[2026-03-26T07:12:48.322Z] GET /api/my/appraisal/active
[2026-03-26T07:12:48.325Z] GET /api/dashboard/config
[2026-03-26T07:12:48.553Z] OPTIONS /api/dashboard
[2026-03-26T07:12:48.554Z] OPTIONS /api/dashboard/renewals?filterType=today
[2026-03-26T07:12:48.555Z] OPTIONS /api/dashboard/revenue-trend
[2026-03-26T07:12:48.555Z] OPTIONS /api/dashboard
[2026-03-26T07:12:48.556Z] OPTIONS /api/dashboard/renewals?filterType=today
[2026-03-26T07:12:48.557Z] OPTIONS /api/dashboard/revenue-trend
[2026-03-26T07:12:48.558Z] GET /api/dashboard
[2026-03-26T07:12:48.560Z] GET /api/dashboard/renewals?filterType=today
[2026-03-26T07:12:48.561Z] GET /api/dashboard/revenue-trend
[2026-03-26T07:12:48.574Z] GET /api/dashboard
[2026-03-26T07:12:48.576Z] GET /api/dashboard/renewals?filterType=today
[2026-03-26T07:12:48.578Z] GET /api/dashboard/revenue-trend
[2026-03-26T07:13:18.268Z] OPTIONS /api/time-tracking/timer/active
[2026-03-26T07:13:18.270Z] GET /api/time-tracking/timer/active
[2026-03-26T07:13:48.267Z] OPTIONS /api/time-tracking/timer/active
[2026-03-26T07:13:48.269Z] GET /api/time-tracking/timer/active
[2026-03-26T07:14:18.268Z] OPTIONS /api/time-tracking/timer/active
[2026-03-26T07:14:18.270Z] GET /api/time-tracking/timer/active
[2026-03-26T07:14:48.269Z] OPTIONS /api/time-tracking/timer/active
[2026-03-26T07:14:48.271Z] GET /api/time-tracking/timer/active
[2026-03-26T07:15:18.267Z] OPTIONS /api/time-tracking/timer/active
[2026-03-26T07:15:18.269Z] GET /api/time-tracking/timer/active
[2026-03-26T07:15:48.267Z] OPTIONS /api/time-tracking/timer/active
[2026-03-26T07:15:48.268Z] GET /api/time-tracking/timer/active
[2026-03-26T07:15:48.328Z] OPTIONS /api/dashboard
[2026-03-26T07:15:48.330Z] OPTIONS /api/dashboard/renewals?filterType=current
[2026-03-26T07:15:48.331Z] GET /api/dashboard
[2026-03-26T07:15:48.333Z] OPTIONS /api/dashboard/renewals?filterType=expired
[2026-03-26T07:15:48.334Z] OPTIONS /api/dashboard/renewals?filterType=today
[2026-03-26T07:15:48.337Z] GET /api/dashboard/renewals?filterType=current
[2026-03-26T07:15:48.338Z] OPTIONS /api/dashboard/renewals?filterType=expired
[2026-03-26T07:15:48.339Z] OPTIONS /api/dashboard/renewals?filterType=today
[2026-03-26T07:15:48.340Z] GET /api/dashboard/renewals?filterType=expired
[2026-03-26T07:15:48.342Z] GET /api/dashboard/renewals?filterType=today
[2026-03-26T07:15:48.354Z] GET /api/dashboard
[2026-03-26T07:15:48.359Z] GET /api/dashboard/renewals?filterType=today
[2026-03-26T07:15:48.361Z] GET /api/dashboard/renewals?filterType=current
[2026-03-26T07:15:48.363Z] GET /api/dashboard/renewals?filterType=expired
[2026-03-26T07:15:49.615Z] GET /api/dashboard
[2026-03-26T07:15:49.617Z] OPTIONS /api/dashboard/revenue-trend
[2026-03-26T07:15:49.618Z] GET /api/dashboard/renewals?filterType=today
[2026-03-26T07:15:49.619Z] OPTIONS /api/dashboard/revenue-trend
[2026-03-26T07:15:49.620Z] GET /api/dashboard/revenue-trend
[2026-03-26T07:15:49.636Z] GET /api/dashboard
[2026-03-26T07:15:49.638Z] GET /api/dashboard/renewals?filterType=today
[2026-03-26T07:15:49.640Z] GET /api/dashboard/revenue-trend
[2026-03-26T07:15:51.474Z] OPTIONS /api/dcr/stats
[2026-03-26T07:15:51.475Z] OPTIONS /api/dcr/user-stats
[2026-03-26T07:15:51.476Z] OPTIONS /api/dcr/stats
[2026-03-26T07:15:51.477Z] OPTIONS /api/dcr/user-stats
[2026-03-26T07:15:51.478Z] GET /api/dcr/stats
[2026-03-26T07:15:51.479Z] GET /api/dcr/user-stats
[2026-03-26T07:15:51.496Z] GET /api/dcr/stats
[2026-03-26T07:15:51.499Z] GET /api/dcr/user-stats
[2026-03-26T07:15:51.502Z] OPTIONS /api/dcr?startDate=2026-03-25T18:30:00.000Z&endDate=2026-03-26T18:29:59.999Z&limit=100
[2026-03-26T07:15:51.504Z] GET /api/dcr?startDate=2026-03-25T18:30:00.000Z&endDate=2026-03-26T18:29:59.999Z&limit=100
[2026-03-26T07:15:51.517Z] GET /api/dcr?startDate=2026-03-25T18:30:00.000Z&endDate=2026-03-26T18:29:59.999Z&limit=100
[2026-03-26T07:15:51.518Z] OPTIONS /api/dcr?startDate=2026-03-22T18:30:00.000Z&endDate=2026-03-26T07:15:51.517Z&limit=100
[2026-03-26T07:15:51.520Z] GET /api/dcr?startDate=2026-03-22T18:30:00.000Z&endDate=2026-03-26T07:15:51.517Z&limit=100
[2026-03-26T07:15:51.527Z] OPTIONS /api/dcr?startDate=2026-03-22T18:30:00.000Z&endDate=2026-03-26T07:15:51.526Z&limit=100
[2026-03-26T07:15:51.529Z] GET /api/dcr?startDate=2026-03-22T18:30:00.000Z&endDate=2026-03-26T07:15:51.526Z&limit=100
[2026-03-26T07:15:56.676Z] OPTIONS /api/dashboard
[2026-03-26T07:15:56.676Z] OPTIONS /api/dashboard/renewals?filterType=today
[2026-03-26T07:15:56.677Z] OPTIONS /api/dashboard/revenue-trend
[2026-03-26T07:15:56.678Z] OPTIONS /api/dashboard
[2026-03-26T07:15:56.680Z] OPTIONS /api/dashboard/renewals?filterType=today
[2026-03-26T07:15:56.680Z] OPTIONS /api/dashboard/revenue-trend
[2026-03-26T07:15:56.681Z] GET /api/dashboard
[2026-03-26T07:15:56.683Z] GET /api/dashboard/renewals?filterType=today
[2026-03-26T07:15:56.685Z] GET /api/dashboard/revenue-trend
[2026-03-26T07:15:56.697Z] GET /api/dashboard/renewals?filterType=today
[2026-03-26T07:15:56.699Z] GET /api/dashboard/revenue-trend
[2026-03-26T07:15:56.702Z] GET /api/dashboard
[2026-03-26T07:16:18.267Z] OPTIONS /api/time-tracking/timer/active
[2026-03-26T07:16:18.268Z] GET /api/time-tracking/timer/active
[2026-03-26T07:16:48.267Z] OPTIONS /api/time-tracking/timer/active
[2026-03-26T07:16:48.269Z] GET /api/time-tracking/timer/active
[2026-03-26T07:17:18.267Z] OPTIONS /api/time-tracking/timer/active
[2026-03-26T07:17:18.269Z] GET /api/time-tracking/timer/active
[2026-03-26T07:17:35.148Z] OPTIONS /api/dashboard
[2026-03-26T07:17:35.151Z] OPTIONS /api/dashboard/renewals?filterType=current
[2026-03-26T07:17:35.152Z] OPTIONS /api/dashboard/renewals?filterType=expired
[2026-03-26T07:17:35.153Z] OPTIONS /api/dashboard/renewals?filterType=today
[2026-03-26T07:17:35.154Z] GET /api/dashboard
[2026-03-26T07:17:35.155Z] OPTIONS /api/dashboard/renewals?filterType=current
[2026-03-26T07:17:35.157Z] GET /api/dashboard/renewals?filterType=current
[2026-03-26T07:17:35.158Z] OPTIONS /api/dashboard/renewals?filterType=expired
[2026-03-26T07:17:35.159Z] GET /api/dashboard/renewals?filterType=today
[2026-03-26T07:17:35.162Z] GET /api/dashboard/renewals?filterType=expired
[2026-03-26T07:17:35.173Z] GET /api/dashboard
[2026-03-26T07:17:35.178Z] GET /api/dashboard/renewals?filterType=current
[2026-03-26T07:17:35.181Z] GET /api/dashboard/renewals?filterType=today
[2026-03-26T07:17:35.183Z] GET /api/dashboard/renewals?filterType=expired
[2026-03-26T07:17:36.379Z] OPTIONS /api/dcr/stats
[2026-03-26T07:17:36.380Z] OPTIONS /api/dcr/user-stats
[2026-03-26T07:17:36.381Z] OPTIONS /api/dcr/stats
[2026-03-26T07:17:36.382Z] OPTIONS /api/dcr/user-stats
[2026-03-26T07:17:36.383Z] GET /api/dcr/stats
[2026-03-26T07:17:36.385Z] GET /api/dcr/user-stats
[2026-03-26T07:17:36.396Z] GET /api/dcr/stats
[2026-03-26T07:17:36.399Z] GET /api/dcr/user-stats
[2026-03-26T07:17:36.401Z] OPTIONS /api/dcr?startDate=2026-03-25T18:30:00.000Z&endDate=2026-03-26T18:29:59.999Z&limit=100
[2026-03-26T07:17:36.403Z] GET /api/dcr?startDate=2026-03-25T18:30:00.000Z&endDate=2026-03-26T18:29:59.999Z&limit=100
[2026-03-26T07:17:36.416Z] GET /api/dcr?startDate=2026-03-25T18:30:00.000Z&endDate=2026-03-26T18:29:59.999Z&limit=100
[2026-03-26T07:17:36.418Z] OPTIONS /api/dcr?startDate=2026-03-22T18:30:00.000Z&endDate=2026-03-26T07:17:36.417Z&limit=100
[2026-03-26T07:17:36.420Z] GET /api/dcr?startDate=2026-03-22T18:30:00.000Z&endDate=2026-03-26T07:17:36.417Z&limit=100
[2026-03-26T07:17:36.429Z] OPTIONS /api/dcr?startDate=2026-03-22T18:30:00.000Z&endDate=2026-03-26T07:17:36.427Z&limit=100
[2026-03-26T07:17:36.431Z] GET /api/dcr?startDate=2026-03-22T18:30:00.000Z&endDate=2026-03-26T07:17:36.427Z&limit=100
[2026-03-26T07:17:37.508Z] GET /api/dashboard
[2026-03-26T07:17:37.509Z] OPTIONS /api/dashboard/revenue-trend
[2026-03-26T07:17:37.510Z] GET /api/dashboard/renewals?filterType=today
[2026-03-26T07:17:37.511Z] OPTIONS /api/dashboard/revenue-trend
[2026-03-26T07:17:37.513Z] GET /api/dashboard/revenue-trend
[2026-03-26T07:17:37.525Z] GET /api/dashboard
[2026-03-26T07:17:37.529Z] GET /api/dashboard/renewals?filterType=today
[2026-03-26T07:17:37.532Z] GET /api/dashboard/revenue-trend
[2026-03-26T07:17:48.267Z] OPTIONS /api/time-tracking/timer/active
[2026-03-26T07:17:48.268Z] GET /api/time-tracking/timer/active
[2026-03-26T07:18:09.778Z] OPTIONS /api/dashboard
[2026-03-26T07:18:09.781Z] OPTIONS /api/dashboard/renewals?filterType=current
[2026-03-26T07:18:09.782Z] OPTIONS /api/dashboard/renewals?filterType=expired
[2026-03-26T07:18:09.783Z] OPTIONS /api/dashboard/renewals?filterType=today
[2026-03-26T07:18:09.784Z] GET /api/dashboard
[2026-03-26T07:18:09.787Z] GET /api/dashboard/renewals?filterType=current
[2026-03-26T07:18:09.788Z] OPTIONS /api/dashboard/renewals?filterType=current
[2026-03-26T07:18:09.789Z] OPTIONS /api/dashboard/renewals?filterType=expired
[2026-03-26T07:18:09.790Z] GET /api/dashboard/renewals?filterType=today
[2026-03-26T07:18:09.792Z] GET /api/dashboard/renewals?filterType=expired
[2026-03-26T07:18:09.803Z] GET /api/dashboard
[2026-03-26T07:18:09.805Z] GET /api/dashboard/renewals?filterType=today
[2026-03-26T07:18:09.807Z] GET /api/dashboard/renewals?filterType=current
[2026-03-26T07:18:09.812Z] GET /api/dashboard/renewals?filterType=expired
[2026-03-26T07:18:18.266Z] OPTIONS /api/time-tracking/timer/active
[2026-03-26T07:18:18.268Z] GET /api/time-tracking/timer/active
[2026-03-26T07:18:48.831Z] OPTIONS /api/time-tracking/timer/active
[2026-03-26T07:18:48.832Z] GET /api/time-tracking/timer/active
[2026-03-26T07:19:18.830Z] OPTIONS /api/time-tracking/timer/active
[2026-03-26T07:19:18.832Z] GET /api/time-tracking/timer/active
[2026-03-26T07:19:34.953Z] OPTIONS /api/my/appraisal/active
[2026-03-26T07:19:34.955Z] OPTIONS /api/leaves/stats/pending-counts
[2026-03-26T07:19:34.956Z] OPTIONS /api/preferences/admin/sidebar_folders_v2
[2026-03-26T07:19:34.956Z] GET /api/my/appraisal/active
[2026-03-26T07:19:34.958Z] GET /api/leaves/stats/pending-counts
[2026-03-26T07:19:34.959Z] GET /api/preferences/admin/sidebar_folders_v2
[2026-03-26T07:19:44.908Z] OPTIONS /api/my/appraisal/active
[2026-03-26T07:19:44.910Z] OPTIONS /api/leaves/stats/pending-counts
[2026-03-26T07:19:44.911Z] OPTIONS /api/preferences/admin/sidebar_folders_v3
[2026-03-26T07:19:44.912Z] GET /api/my/appraisal/active
[2026-03-26T07:19:44.914Z] GET /api/leaves/stats/pending-counts
[2026-03-26T07:19:44.915Z] GET /api/preferences/admin/sidebar_folders_v3
[2026-03-26T07:19:44.983Z] OPTIONS /api/preferences/admin/sidebar_order
[2026-03-26T07:19:44.985Z] GET /api/preferences/admin/sidebar_order
[2026-03-26T07:19:45.042Z] PUT /api/preferences/admin/sidebar_folders_v3
[2026-03-26T07:19:48.829Z] OPTIONS /api/time-tracking/timer/active
[2026-03-26T07:19:48.831Z] GET /api/time-tracking/timer/active
[2026-03-26T07:19:56.914Z] OPTIONS /api/my/appraisal/active
[2026-03-26T07:19:56.917Z] OPTIONS /api/leaves/stats/pending-counts
[2026-03-26T07:19:56.918Z] OPTIONS /api/preferences/admin/sidebar_folders_v3
[2026-03-26T07:19:56.919Z] GET /api/my/appraisal/active
[2026-03-26T07:19:56.921Z] GET /api/leaves/stats/pending-counts
[2026-03-26T07:19:56.923Z] GET /api/preferences/admin/sidebar_folders_v3
[2026-03-26T07:21:11.875Z] OPTIONS /api/my/appraisal/active
[2026-03-26T07:21:11.880Z] OPTIONS /api/leaves/stats/pending-counts
[2026-03-26T07:21:11.882Z] OPTIONS /api/preferences/admin/sidebar_folders_v3
[2026-03-26T07:21:11.882Z] OPTIONS /api/time-tracking/timer/active
[2026-03-26T07:21:11.883Z] GET /api/my/appraisal/active
[2026-03-26T07:21:11.885Z] OPTIONS /api/dashboard/birthdays
[2026-03-26T07:21:11.886Z] OPTIONS /api/dashboard/config
[2026-03-26T07:21:11.886Z] GET /api/leaves/stats/pending-counts
[2026-03-26T07:21:11.888Z] GET /api/preferences/admin/sidebar_folders_v3
[2026-03-26T07:21:11.889Z] GET /api/time-tracking/timer/active
[2026-03-26T07:21:11.891Z] GET /api/dashboard/birthdays
[2026-03-26T07:21:11.893Z] GET /api/dashboard/config
[2026-03-26T07:21:11.902Z] GET /api/leaves/stats/pending-counts
[2026-03-26T07:21:11.904Z] GET /api/preferences/admin/sidebar_folders_v3
[2026-03-26T07:21:11.906Z] GET /api/time-tracking/timer/active
[2026-03-26T07:21:11.908Z] GET /api/dashboard/birthdays
[2026-03-26T07:21:11.910Z] GET /api/dashboard/config
[2026-03-26T07:21:11.912Z] GET /api/my/appraisal/active
[2026-03-26T07:21:12.364Z] OPTIONS /api/dashboard
[2026-03-26T07:21:12.365Z] OPTIONS /api/dashboard/renewals?filterType=current
[2026-03-26T07:21:12.366Z] OPTIONS /api/dashboard/renewals?filterType=expired
[2026-03-26T07:21:12.367Z] OPTIONS /api/dashboard/renewals?filterType=today
[2026-03-26T07:21:12.368Z] GET /api/dashboard
[2026-03-26T07:21:12.369Z] GET /api/dashboard/renewals?filterType=current
[2026-03-26T07:21:12.371Z] GET /api/dashboard/renewals?filterType=expired
[2026-03-26T07:21:12.371Z] GET /api/dashboard/renewals?filterType=today
[2026-03-26T07:21:12.379Z] GET /api/dashboard
[2026-03-26T07:21:12.380Z] GET /api/dashboard/renewals?filterType=current
[2026-03-26T07:21:12.381Z] GET /api/dashboard/renewals?filterType=today
[2026-03-26T07:21:12.382Z] GET /api/dashboard/renewals?filterType=expired
[2026-03-26T07:21:25.163Z] OPTIONS /api/my/appraisal/active
[2026-03-26T07:21:25.167Z] OPTIONS /api/leaves/stats/pending-counts
[2026-03-26T07:21:25.168Z] GET /api/my/appraisal/active
[2026-03-26T07:21:25.170Z] OPTIONS /api/preferences/admin/sidebar_folders_v3
[2026-03-26T07:21:25.172Z] OPTIONS /api/time-tracking/timer/active
[2026-03-26T07:21:25.174Z] GET /api/leaves/stats/pending-counts
[2026-03-26T07:21:25.178Z] OPTIONS /api/dashboard/birthdays
[2026-03-26T07:21:25.179Z] OPTIONS /api/my/appraisal/active
[2026-03-26T07:21:25.180Z] GET /api/preferences/admin/sidebar_folders_v3
[2026-03-26T07:21:25.182Z] OPTIONS /api/dashboard/config
[2026-03-26T07:21:25.184Z] GET /api/time-tracking/timer/active
[2026-03-26T07:21:25.186Z] OPTIONS /api/leaves/stats/pending-counts
[2026-03-26T07:21:25.188Z] OPTIONS /api/preferences/admin/sidebar_folders_v3
[2026-03-26T07:21:25.190Z] OPTIONS /api/time-tracking/timer/active
[2026-03-26T07:21:25.192Z] OPTIONS /api/dashboard/birthdays
[2026-03-26T07:21:25.195Z] OPTIONS /api/dashboard/config
[2026-03-26T07:21:25.196Z] GET /api/dashboard/birthdays
[2026-03-26T07:21:25.199Z] GET /api/my/appraisal/active
[2026-03-26T07:21:25.201Z] GET /api/dashboard/config
[2026-03-26T07:21:25.204Z] GET /api/leaves/stats/pending-counts
[2026-03-26T07:21:25.208Z] GET /api/preferences/admin/sidebar_folders_v3
[2026-03-26T07:21:25.218Z] GET /api/time-tracking/timer/active
[2026-03-26T07:21:25.220Z] GET /api/dashboard/birthdays
[2026-03-26T07:21:25.223Z] GET /api/dashboard/config
[2026-03-26T07:21:25.398Z] OPTIONS /api/dashboard
[2026-03-26T07:21:25.399Z] OPTIONS /api/dashboard/renewals?filterType=current
[2026-03-26T07:21:25.400Z] OPTIONS /api/dashboard/renewals?filterType=expired
[2026-03-26T07:21:25.401Z] OPTIONS /api/dashboard/renewals?filterType=today
[2026-03-26T07:21:25.402Z] OPTIONS /api/dashboard
[2026-03-26T07:21:25.403Z] OPTIONS /api/dashboard/renewals?filterType=current
[2026-03-26T07:21:25.403Z] GET /api/dashboard
[2026-03-26T07:21:25.405Z] OPTIONS /api/dashboard/renewals?filterType=expired
[2026-03-26T07:21:25.406Z] OPTIONS /api/dashboard/renewals?filterType=today
[2026-03-26T07:21:25.407Z] GET /api/dashboard/renewals?filterType=current
[2026-03-26T07:21:25.408Z] GET /api/dashboard/renewals?filterType=expired
[2026-03-26T07:21:25.410Z] GET /api/dashboard/renewals?filterType=today
[2026-03-26T07:21:25.412Z] GET /api/dashboard
[2026-03-26T07:21:25.413Z] GET /api/dashboard/renewals?filterType=current
[2026-03-26T07:21:25.428Z] GET /api/dashboard/renewals?filterType=expired
[2026-03-26T07:21:25.431Z] GET /api/dashboard/renewals?filterType=today
[2026-03-26T07:21:55.834Z] OPTIONS /api/time-tracking/timer/active
[2026-03-26T07:21:55.838Z] GET /api/time-tracking/timer/active
[2026-03-26T07:22:25.835Z] OPTIONS /api/time-tracking/timer/active
[2026-03-26T07:22:25.838Z] GET /api/time-tracking/timer/active
[2026-03-26T07:22:55.841Z] OPTIONS /api/time-tracking/timer/active
[2026-03-26T07:22:55.843Z] GET /api/time-tracking/timer/active
[2026-03-26T07:23:25.840Z] OPTIONS /api/time-tracking/timer/active
[2026-03-26T07:23:25.841Z] GET /api/time-tracking/timer/active
[2026-03-26T07:23:55.841Z] OPTIONS /api/time-tracking/timer/active
[2026-03-26T07:23:55.844Z] GET /api/time-tracking/timer/active
[2026-03-26T07:24:25.829Z] OPTIONS /api/time-tracking/timer/active
[2026-03-26T07:24:25.831Z] GET /api/time-tracking/timer/active
[2026-03-26T07:25:32.830Z] OPTIONS /api/time-tracking/timer/active
[2026-03-26T07:25:32.832Z] GET /api/time-tracking/timer/active
[2026-03-26T07:26:32.843Z] OPTIONS /api/time-tracking/timer/active
[2026-03-26T07:26:32.846Z] GET /api/time-tracking/timer/active
[2026-03-26T07:27:32.840Z] OPTIONS /api/time-tracking/timer/active
[2026-03-26T07:27:32.842Z] GET /api/time-tracking/timer/active
[2026-03-26T07:28:32.829Z] OPTIONS /api/time-tracking/timer/active
[2026-03-26T07:28:32.831Z] GET /api/time-tracking/timer/active
[2026-03-26T07:29:32.841Z] OPTIONS /api/time-tracking/timer/active
[2026-03-26T07:29:32.843Z] GET /api/time-tracking/timer/active
[2026-03-26T07:30:32.843Z] OPTIONS /api/time-tracking/timer/active
[2026-03-26T07:30:32.846Z] GET /api/time-tracking/timer/active
[2026-03-26T07:31:17.819Z] OPTIONS /api/time-tracking/timer/active
[2026-03-26T07:31:17.822Z] GET /api/time-tracking/timer/active
[2026-03-26T07:31:21.967Z] OPTIONS /api/logout
[2026-03-26T07:31:21.969Z] POST /api/logout
[2026-03-26T07:31:30.347Z] OPTIONS /api/login/user
[2026-03-26T07:31:30.348Z] POST /api/login/user
[2026-03-26T07:31:30.494Z] OPTIONS /api/my/appraisal/active
[2026-03-26T07:31:30.496Z] OPTIONS /api/leaves/stats/pending-counts
[2026-03-26T07:31:30.497Z] OPTIONS /api/preferences/admin/sidebar_folders_v3
[2026-03-26T07:31:30.498Z] GET /api/my/appraisal/active
[2026-03-26T07:31:30.500Z] OPTIONS /api/time-tracking/timer/active
[2026-03-26T07:31:30.501Z] GET /api/leaves/stats/pending-counts
[2026-03-26T07:31:30.504Z] OPTIONS /api/dashboard/birthdays
[2026-03-26T07:31:30.505Z] GET /api/preferences/admin/sidebar_folders_v3
[2026-03-26T07:31:30.509Z] OPTIONS /api/time-tracking/timer/active
[2026-03-26T07:31:30.510Z] OPTIONS /api/dashboard/config
[2026-03-26T07:31:30.512Z] OPTIONS /api/dashboard/birthdays
[2026-03-26T07:31:30.514Z] OPTIONS /api/dashboard/config
[2026-03-26T07:31:30.515Z] GET /api/time-tracking/timer/active
[2026-03-26T07:31:30.517Z] GET /api/dashboard/birthdays
[2026-03-26T07:31:30.520Z] GET /api/dashboard/config
[2026-03-26T07:31:30.530Z] GET /api/leaves/stats/pending-counts
[2026-03-26T07:31:30.532Z] GET /api/preferences/admin/sidebar_folders_v3
[2026-03-26T07:31:30.538Z] GET /api/time-tracking/timer/active
[2026-03-26T07:31:30.539Z] GET /api/dashboard/birthdays
[2026-03-26T07:31:30.542Z] GET /api/dashboard/config
[2026-03-26T07:31:30.544Z] GET /api/my/appraisal/active
[2026-03-26T07:31:30.602Z] OPTIONS /api/dashboard
[2026-03-26T07:31:30.603Z] OPTIONS /api/dashboard/renewals?filterType=current
[2026-03-26T07:31:30.604Z] OPTIONS /api/dashboard/renewals?filterType=expired
[2026-03-26T07:31:30.605Z] OPTIONS /api/dashboard/renewals?filterType=today
[2026-03-26T07:31:30.606Z] OPTIONS /api/dashboard
[2026-03-26T07:31:30.607Z] GET /api/dashboard
[2026-03-26T07:31:30.609Z] GET /api/dashboard/renewals?filterType=current
[2026-03-26T07:31:30.611Z] OPTIONS /api/dashboard/renewals?filterType=expired
[2026-03-26T07:31:30.612Z] GET /api/dashboard/renewals?filterType=expired
[2026-03-26T07:31:30.614Z] GET /api/dashboard/renewals?filterType=today
[2026-03-26T07:31:30.625Z] GET /api/dashboard
[2026-03-26T07:31:30.627Z] GET /api/dashboard/renewals?filterType=current
[2026-03-26T07:31:30.628Z] GET /api/dashboard/renewals?filterType=today
[2026-03-26T07:31:30.630Z] GET /api/dashboard/renewals?filterType=expired
[2026-03-26T07:31:38.364Z] OPTIONS /api/my/appraisal/active
[2026-03-26T07:31:38.366Z] OPTIONS /api/leaves/stats/pending-counts
[2026-03-26T07:31:38.367Z] OPTIONS /api/preferences/admin/sidebar_folders_v3
[2026-03-26T07:31:38.369Z] GET /api/my/appraisal/active
[2026-03-26T07:31:38.370Z] OPTIONS /api/time-tracking/timer/active
[2026-03-26T07:31:38.371Z] GET /api/leaves/stats/pending-counts
[2026-03-26T07:31:38.373Z] GET /api/preferences/admin/sidebar_folders_v3
[2026-03-26T07:31:38.376Z] OPTIONS /api/dashboard/config
[2026-03-26T07:31:38.378Z] OPTIONS /api/dashboard/birthdays
[2026-03-26T07:31:38.379Z] GET /api/time-tracking/timer/active
[2026-03-26T07:31:38.381Z] OPTIONS /api/dashboard/birthdays
[2026-03-26T07:31:38.383Z] OPTIONS /api/dashboard/config
[2026-03-26T07:31:38.386Z] GET /api/dashboard/config
[2026-03-26T07:31:38.388Z] GET /api/dashboard/birthdays
[2026-03-26T07:31:38.395Z] GET /api/leaves/stats/pending-counts
[2026-03-26T07:31:38.401Z] GET /api/preferences/admin/sidebar_folders_v3
[2026-03-26T07:31:38.406Z] GET /api/time-tracking/timer/active
[2026-03-26T07:31:38.413Z] GET /api/dashboard/config
[2026-03-26T07:31:38.417Z] GET /api/dashboard/birthdays
[2026-03-26T07:31:38.420Z] GET /api/my/appraisal/active
[2026-03-26T07:31:38.698Z] OPTIONS /api/dashboard
[2026-03-26T07:31:38.699Z] OPTIONS /api/dashboard/renewals?filterType=current
[2026-03-26T07:31:38.700Z] OPTIONS /api/dashboard/renewals?filterType=expired
[2026-03-26T07:31:38.701Z] OPTIONS /api/dashboard/renewals?filterType=today
[2026-03-26T07:31:38.702Z] OPTIONS /api/dashboard
[2026-03-26T07:31:38.703Z] GET /api/dashboard
[2026-03-26T07:31:38.704Z] GET /api/dashboard/renewals?filterType=current
[2026-03-26T07:31:38.705Z] GET /api/dashboard/renewals?filterType=expired
[2026-03-26T07:31:38.706Z] GET /api/dashboard/renewals?filterType=today
[2026-03-26T07:31:38.717Z] GET /api/dashboard/renewals?filterType=current
[2026-03-26T07:31:38.720Z] GET /api/dashboard
[2026-03-26T07:31:38.723Z] GET /api/dashboard/renewals?filterType=today
[2026-03-26T07:31:38.725Z] GET /api/dashboard/renewals?filterType=expired
[2026-03-26T07:32:08.831Z] OPTIONS /api/time-tracking/timer/active
[2026-03-26T07:32:08.832Z] GET /api/time-tracking/timer/active
[2026-03-26T07:32:38.829Z] OPTIONS /api/time-tracking/timer/active
[2026-03-26T07:32:38.831Z] GET /api/time-tracking/timer/active
[2026-03-26T07:33:08.830Z] OPTIONS /api/time-tracking/timer/active
[2026-03-26T07:33:08.832Z] GET /api/time-tracking/timer/active
[2026-03-26T07:33:38.828Z] OPTIONS /api/time-tracking/timer/active
[2026-03-26T07:33:38.830Z] GET /api/time-tracking/timer/active
[2026-03-26T07:34:08.829Z] OPTIONS /api/time-tracking/timer/active
[2026-03-26T07:34:08.831Z] GET /api/time-tracking/timer/active
[2026-03-26T07:34:38.832Z] OPTIONS /api/time-tracking/timer/active
[2026-03-26T07:34:38.834Z] GET /api/time-tracking/timer/active
[2026-03-26T07:35:32.831Z] OPTIONS /api/time-tracking/timer/active
[2026-03-26T07:35:32.833Z] GET /api/time-tracking/timer/active
[2026-03-26T07:36:32.840Z] OPTIONS /api/time-tracking/timer/active
[2026-03-26T07:36:32.842Z] GET /api/time-tracking/timer/active
[2026-03-26T07:37:32.836Z] OPTIONS /api/time-tracking/timer/active
[2026-03-26T07:37:32.839Z] GET /api/time-tracking/timer/active
[2026-03-26T07:38:32.844Z] OPTIONS /api/time-tracking/timer/active
[2026-03-26T07:38:32.846Z] GET /api/time-tracking/timer/active
[2026-03-26T07:39:32.834Z] OPTIONS /api/time-tracking/timer/active
[2026-03-26T07:39:32.836Z] GET /api/time-tracking/timer/active
[2026-03-26T07:40:32.836Z] OPTIONS /api/time-tracking/timer/active
[2026-03-26T07:40:32.839Z] GET /api/time-tracking/timer/active
[2026-03-26T07:41:32.844Z] OPTIONS /api/time-tracking/timer/active
[2026-03-26T07:41:32.847Z] GET /api/time-tracking/timer/active
[2026-03-26T07:42:32.839Z] OPTIONS /api/time-tracking/timer/active
[2026-03-26T07:42:32.841Z] GET /api/time-tracking/timer/active
[2026-03-26T07:43:32.832Z] OPTIONS /api/time-tracking/timer/active
[2026-03-26T07:43:32.834Z] GET /api/time-tracking/timer/active
[2026-03-26T07:44:32.834Z] OPTIONS /api/time-tracking/timer/active
[2026-03-26T07:44:32.836Z] GET /api/time-tracking/timer/active
[2026-03-26T07:45:32.830Z] OPTIONS /api/time-tracking/timer/active
[2026-03-26T07:45:32.832Z] GET /api/time-tracking/timer/active
[2026-03-26T07:46:32.835Z] OPTIONS /api/time-tracking/timer/active
[2026-03-26T07:46:32.837Z] GET /api/time-tracking/timer/active
[2026-03-26T07:47:32.833Z] OPTIONS /api/time-tracking/timer/active
[2026-03-26T07:47:32.836Z] GET /api/time-tracking/timer/active
[2026-03-26T07:48:32.832Z] OPTIONS /api/time-tracking/timer/active
[2026-03-26T07:48:32.835Z] GET /api/time-tracking/timer/active
[2026-03-26T07:49:32.832Z] OPTIONS /api/time-tracking/timer/active
[2026-03-26T07:49:32.834Z] GET /api/time-tracking/timer/active
[2026-03-26T07:50:32.840Z] OPTIONS /api/time-tracking/timer/active
[2026-03-26T07:50:32.842Z] GET /api/time-tracking/timer/active
[2026-03-26T07:51:32.842Z] OPTIONS /api/time-tracking/timer/active
[2026-03-26T07:51:32.844Z] GET /api/time-tracking/timer/active
[2026-03-26T07:52:32.841Z] OPTIONS /api/time-tracking/timer/active
[2026-03-26T07:52:32.844Z] GET /api/time-tracking/timer/active
[2026-03-26T07:53:32.837Z] OPTIONS /api/time-tracking/timer/active
[2026-03-26T07:53:32.839Z] GET /api/time-tracking/timer/active
[2026-03-26T07:54:32.838Z] OPTIONS /api/time-tracking/timer/active
[2026-03-26T07:54:32.840Z] GET /api/time-tracking/timer/active
[2026-03-26T07:55:32.838Z] OPTIONS /api/time-tracking/timer/active
[2026-03-26T07:55:32.840Z] GET /api/time-tracking/timer/active
[2026-03-26T07:56:32.843Z] OPTIONS /api/time-tracking/timer/active
[2026-03-26T07:56:32.846Z] GET /api/time-tracking/timer/active
[2026-03-26T07:57:26.702Z] OPTIONS /api/time-tracking/timer/active
[2026-03-26T07:57:26.705Z] GET /api/time-tracking/timer/active
[2026-03-26T07:57:38.351Z] OPTIONS /api/time-tracking/timer/active
[2026-03-26T07:57:38.353Z] GET /api/time-tracking/timer/active
[2026-03-26T07:58:08.351Z] OPTIONS /api/time-tracking/timer/active
[2026-03-26T07:58:08.352Z] GET /api/time-tracking/timer/active
[2026-03-26T07:58:38.351Z] OPTIONS /api/time-tracking/timer/active
[2026-03-26T07:58:38.353Z] GET /api/time-tracking/timer/active
[2026-03-26T07:59:08.349Z] OPTIONS /api/time-tracking/timer/active
[2026-03-26T07:59:08.351Z] GET /api/time-tracking/timer/active
[2026-03-26T07:59:38.351Z] OPTIONS /api/time-tracking/timer/active
[2026-03-26T07:59:38.352Z] GET /api/time-tracking/timer/active
[2026-03-26T08:00:08.351Z] OPTIONS /api/time-tracking/timer/active
[2026-03-26T08:00:08.353Z] GET /api/time-tracking/timer/active
[2026-03-26T08:00:38.351Z] OPTIONS /api/time-tracking/timer/active
[2026-03-26T08:00:38.353Z] GET /api/time-tracking/timer/active
[2026-03-26T08:01:08.351Z] OPTIONS /api/time-tracking/timer/active
[2026-03-26T08:01:08.353Z] GET /api/time-tracking/timer/active
[2026-03-26T08:01:38.351Z] OPTIONS /api/time-tracking/timer/active
[2026-03-26T08:01:38.353Z] GET /api/time-tracking/timer/active
[2026-03-26T08:02:08.351Z] OPTIONS /api/time-tracking/timer/active
[2026-03-26T08:02:08.352Z] GET /api/time-tracking/timer/active
[2026-03-26T08:02:38.350Z] OPTIONS /api/time-tracking/timer/active
[2026-03-26T08:02:38.352Z] GET /api/time-tracking/timer/active
[2026-03-26T08:03:08.350Z] OPTIONS /api/time-tracking/timer/active
[2026-03-26T08:03:08.352Z] GET /api/time-tracking/timer/active
[2026-03-26T08:03:38.350Z] OPTIONS /api/time-tracking/timer/active
[2026-03-26T08:03:38.352Z] GET /api/time-tracking/timer/active
[2026-03-26T08:04:08.350Z] OPTIONS /api/time-tracking/timer/active
[2026-03-26T08:04:08.352Z] GET /api/time-tracking/timer/active
[2026-03-26T08:04:38.350Z] OPTIONS /api/time-tracking/timer/active
[2026-03-26T08:04:38.351Z] GET /api/time-tracking/timer/active
[2026-03-26T08:05:08.350Z] OPTIONS /api/time-tracking/timer/active
[2026-03-26T08:05:08.351Z] GET /api/time-tracking/timer/active
[2026-03-26T08:05:38.350Z] OPTIONS /api/time-tracking/timer/active
[2026-03-26T08:05:38.352Z] GET /api/time-tracking/timer/active
[2026-03-26T08:06:08.350Z] OPTIONS /api/time-tracking/timer/active
[2026-03-26T08:06:08.351Z] GET /api/time-tracking/timer/active
[2026-03-26T08:06:38.350Z] OPTIONS /api/time-tracking/timer/active
[2026-03-26T08:06:38.351Z] GET /api/time-tracking/timer/active
[2026-03-26T08:07:08.350Z] OPTIONS /api/time-tracking/timer/active
[2026-03-26T08:07:08.351Z] GET /api/time-tracking/timer/active
[2026-03-26T08:07:38.349Z] OPTIONS /api/time-tracking/timer/active
[2026-03-26T08:07:38.351Z] GET /api/time-tracking/timer/active
[2026-03-26T08:08:08.349Z] OPTIONS /api/time-tracking/timer/active
[2026-03-26T08:08:08.351Z] GET /api/time-tracking/timer/active
[2026-03-26T08:08:38.349Z] OPTIONS /api/time-tracking/timer/active
[2026-03-26T08:08:38.351Z] GET /api/time-tracking/timer/active
[2026-03-26T08:09:08.349Z] OPTIONS /api/time-tracking/timer/active
[2026-03-26T08:09:08.350Z] GET /api/time-tracking/timer/active
[2026-03-26T08:09:38.349Z] OPTIONS /api/time-tracking/timer/active
[2026-03-26T08:09:38.350Z] GET /api/time-tracking/timer/active
[2026-03-26T08:10:08.349Z] OPTIONS /api/time-tracking/timer/active
[2026-03-26T08:10:08.350Z] GET /api/time-tracking/timer/active
[2026-03-26T08:10:38.352Z] OPTIONS /api/time-tracking/timer/active
[2026-03-26T08:10:38.356Z] GET /api/time-tracking/timer/active
[2026-03-26T08:11:08.349Z] OPTIONS /api/time-tracking/timer/active
[2026-03-26T08:11:08.350Z] GET /api/time-tracking/timer/active
[2026-03-26T08:11:38.349Z] OPTIONS /api/time-tracking/timer/active
[2026-03-26T08:11:38.350Z] GET /api/time-tracking/timer/active
[2026-03-26T08:12:08.349Z] OPTIONS /api/time-tracking/timer/active
[2026-03-26T08:12:08.351Z] GET /api/time-tracking/timer/active
[2026-03-26T08:12:38.348Z] OPTIONS /api/time-tracking/timer/active
[2026-03-26T08:12:38.350Z] GET /api/time-tracking/timer/active
[2026-03-26T08:13:08.349Z] OPTIONS /api/time-tracking/timer/active
[2026-03-26T08:13:08.351Z] GET /api/time-tracking/timer/active
[2026-03-26T08:13:38.349Z] OPTIONS /api/time-tracking/timer/active
[2026-03-26T08:13:38.350Z] GET /api/time-tracking/timer/active
[2026-03-26T08:14:05.480Z] OPTIONS /api/my/appraisal/active
[2026-03-26T08:14:05.482Z] OPTIONS /api/leaves/stats/pending-counts
[2026-03-26T08:14:05.483Z] OPTIONS /api/preferences/admin/sidebar_folders_v3
[2026-03-26T08:14:05.484Z] OPTIONS /api/time-tracking/timer/active
[2026-03-26T08:14:05.485Z] OPTIONS /api/dashboard/birthdays
[2026-03-26T08:14:05.485Z] GET /api/my/appraisal/active
[2026-03-26T08:14:05.487Z] OPTIONS /api/dashboard/config
[2026-03-26T08:14:05.488Z] GET /api/leaves/stats/pending-counts
[2026-03-26T08:14:05.490Z] GET /api/preferences/admin/sidebar_folders_v3
[2026-03-26T08:14:05.492Z] GET /api/time-tracking/timer/active
[2026-03-26T08:14:05.493Z] GET /api/dashboard/birthdays
[2026-03-26T08:14:05.495Z] OPTIONS /api/my/appraisal/active
[2026-03-26T08:14:05.498Z] OPTIONS /api/leaves/stats/pending-counts
[2026-03-26T08:14:05.503Z] OPTIONS /api/preferences/admin/sidebar_folders_v3
[2026-03-26T08:14:05.509Z] OPTIONS /api/time-tracking/timer/active
[2026-03-26T08:14:05.514Z] OPTIONS /api/dashboard/birthdays
[2026-03-26T08:14:05.515Z] OPTIONS /api/dashboard/config
[2026-03-26T08:14:05.516Z] GET /api/dashboard/config
[2026-03-26T08:14:05.517Z] GET /api/my/appraisal/active
[2026-03-26T08:14:05.519Z] GET /api/leaves/stats/pending-counts
[2026-03-26T08:14:05.521Z] GET /api/preferences/admin/sidebar_folders_v3
[2026-03-26T08:14:05.523Z] GET /api/time-tracking/timer/active
[2026-03-26T08:14:05.534Z] GET /api/dashboard/birthdays
[2026-03-26T08:14:05.539Z] GET /api/dashboard/config
[2026-03-26T08:14:05.767Z] OPTIONS /api/dashboard
[2026-03-26T08:14:05.768Z] OPTIONS /api/dashboard/renewals?filterType=current
[2026-03-26T08:14:05.769Z] OPTIONS /api/dashboard/renewals?filterType=expired
[2026-03-26T08:14:05.770Z] GET /api/dashboard
[2026-03-26T08:14:05.771Z] GET /api/dashboard/renewals?filterType=current
[2026-03-26T08:14:05.773Z] GET /api/dashboard/renewals?filterType=expired
[2026-03-26T08:14:05.774Z] OPTIONS /api/dashboard/renewals?filterType=today
[2026-03-26T08:14:05.775Z] OPTIONS /api/dashboard
[2026-03-26T08:14:05.775Z] OPTIONS /api/dashboard/renewals?filterType=current
[2026-03-26T08:14:05.778Z] OPTIONS /api/dashboard/renewals?filterType=expired
[2026-03-26T08:14:05.778Z] OPTIONS /api/dashboard/renewals?filterType=today
[2026-03-26T08:14:05.779Z] GET /api/dashboard/renewals?filterType=today
[2026-03-26T08:14:05.782Z] GET /api/dashboard
[2026-03-26T08:14:05.785Z] GET /api/dashboard/renewals?filterType=current
[2026-03-26T08:14:05.796Z] GET /api/dashboard/renewals?filterType=expired
[2026-03-26T08:14:05.800Z] GET /api/dashboard/renewals?filterType=today
[2026-03-26T08:14:30.967Z] OPTIONS /api/my/appraisal/active
[2026-03-26T08:14:30.968Z] OPTIONS /api/my/appraisal/active
[2026-03-26T08:14:30.968Z] GET /api/my/appraisal/active
[2026-03-26T08:14:30.977Z] GET /api/my/appraisal/active
[2026-03-26T08:14:35.473Z] OPTIONS /api/time-tracking/timer/active
[2026-03-26T08:14:35.474Z] GET /api/time-tracking/timer/active
[2026-03-26T08:15:05.473Z] OPTIONS /api/time-tracking/timer/active
[2026-03-26T08:15:05.476Z] GET /api/time-tracking/timer/active
[2026-03-26T08:15:35.473Z] OPTIONS /api/time-tracking/timer/active
[2026-03-26T08:15:35.475Z] GET /api/time-tracking/timer/active
[2026-03-26T08:16:05.473Z] OPTIONS /api/time-tracking/timer/active
[2026-03-26T08:16:05.475Z] GET /api/time-tracking/timer/active
[2026-03-26T08:16:35.473Z] OPTIONS /api/time-tracking/timer/active
[2026-03-26T08:16:35.474Z] GET /api/time-tracking/timer/active
[2026-03-26T08:17:05.474Z] OPTIONS /api/time-tracking/timer/active
[2026-03-26T08:17:05.475Z] GET /api/time-tracking/timer/active
[2026-03-26T08:17:35.473Z] OPTIONS /api/time-tracking/timer/active
[2026-03-26T08:17:35.475Z] GET /api/time-tracking/timer/active
[2026-03-26T08:18:05.473Z] OPTIONS /api/time-tracking/timer/active
[2026-03-26T08:18:05.475Z] GET /api/time-tracking/timer/active
[2026-03-26T08:18:35.472Z] OPTIONS /api/time-tracking/timer/active
[2026-03-26T08:18:35.474Z] GET /api/time-tracking/timer/active
[2026-03-26T08:19:05.472Z] OPTIONS /api/time-tracking/timer/active
[2026-03-26T08:19:05.474Z] GET /api/time-tracking/timer/active
[2026-03-26T08:19:35.472Z] OPTIONS /api/time-tracking/timer/active
[2026-03-26T08:19:35.474Z] GET /api/time-tracking/timer/active
[2026-03-26T08:20:05.472Z] OPTIONS /api/time-tracking/timer/active
[2026-03-26T08:20:05.474Z] GET /api/time-tracking/timer/active
[2026-03-26T08:20:35.473Z] OPTIONS /api/time-tracking/timer/active
[2026-03-26T08:20:35.474Z] GET /api/time-tracking/timer/active
[2026-03-26T08:21:05.472Z] OPTIONS /api/time-tracking/timer/active
[2026-03-26T08:21:05.473Z] GET /api/time-tracking/timer/active
[2026-03-26T08:21:19.408Z] OPTIONS /api/dashboard/config
[2026-03-26T08:21:19.410Z] OPTIONS /api/dashboard/config
[2026-03-26T08:21:19.411Z] GET /api/dashboard/config
[2026-03-26T08:21:19.419Z] GET /api/dashboard/config
[2026-03-26T08:21:19.443Z] OPTIONS /api/dashboard
[2026-03-26T08:21:19.444Z] OPTIONS /api/dashboard/renewals?filterType=current
[2026-03-26T08:21:19.446Z] OPTIONS /api/dashboard/renewals?filterType=expired
[2026-03-26T08:21:19.446Z] GET /api/dashboard
[2026-03-26T08:21:19.448Z] GET /api/dashboard/renewals?filterType=current
[2026-03-26T08:21:19.450Z] GET /api/dashboard/renewals?filterType=expired
[2026-03-26T08:21:19.452Z] OPTIONS /api/dashboard/renewals?filterType=today
[2026-03-26T08:21:19.454Z] OPTIONS /api/dashboard/renewals?filterType=today
[2026-03-26T08:21:19.455Z] GET /api/dashboard/renewals?filterType=today
[2026-03-26T08:21:19.467Z] GET /api/dashboard/renewals?filterType=current
[2026-03-26T08:21:19.471Z] GET /api/dashboard
[2026-03-26T08:21:19.474Z] GET /api/dashboard/renewals?filterType=expired
[2026-03-26T08:21:19.476Z] GET /api/dashboard/renewals?filterType=today
[2026-03-26T08:21:35.844Z] OPTIONS /api/time-tracking/timer/active
[2026-03-26T08:21:35.846Z] GET /api/time-tracking/timer/active
[2026-03-26T08:22:05.833Z] OPTIONS /api/time-tracking/timer/active
[2026-03-26T08:22:05.835Z] GET /api/time-tracking/timer/active
[2026-03-26T08:23:32.846Z] OPTIONS /api/time-tracking/timer/active
[2026-03-26T08:23:32.848Z] GET /api/time-tracking/timer/active
[2026-03-26T08:24:32.843Z] OPTIONS /api/time-tracking/timer/active
[2026-03-26T08:24:32.846Z] GET /api/time-tracking/timer/active
